<?xml version="1.0" encoding="UTF-8"?>
<testng-results skipped="0" failed="0" total="4" passed="4">
  <reporter-output>
  </reporter-output>
  <suite name="org.live.magento_app.test_area.MagentoLoginTest" duration-ms="47245" started-at="2015-09-24T02:05:20Z" finished-at="2015-09-24T02:06:07Z">
    <groups>
    </groups>
    <test name="Command line test" duration-ms="47245" started-at="2015-09-24T02:05:20Z" finished-at="2015-09-24T02:06:07Z">
      <class name="org.live.magento_app.test_area.MagentoLoginTest">
        <test-method status="PASS" signature="setUp()" name="setUp" is-config="true" duration-ms="9927" started-at="2015-09-24T02:05:20Z" finished-at="2015-09-24T02:05:29Z">
        </test-method>
        <test-method status="PASS" signature="loginTest(java.lang.String, java.lang.String, java.lang.String)" name="loginTest" duration-ms="1995" started-at="2015-09-24T02:05:29Z" finished-at="2015-09-24T02:05:31Z">
          <params>
            <param index="0">
              <value>
                <![CDATA[234dotus@gmail.com]]>
              </value>
            </param>
            <param index="1">
              <value>
                <![CDATA[password123]]>
              </value>
            </param>
            <param index="2">
              <value>
                <![CDATA[Donald Jonathan]]>
              </value>
            </param>
          </params>
        </test-method>
        <test-method status="PASS" signature="executePostCondition()" name="executePostCondition" is-config="true" duration-ms="70" started-at="2015-09-24T02:05:31Z" finished-at="2015-09-24T02:05:32Z">
        </test-method>
        <test-method status="PASS" signature="setUp()" name="setUp" is-config="true" duration-ms="15272" started-at="2015-09-24T02:05:32Z" finished-at="2015-09-24T02:05:47Z">
        </test-method>
        <test-method status="PASS" signature="loginTest(java.lang.String, java.lang.String, java.lang.String)" name="loginTest" duration-ms="2007" started-at="2015-09-24T02:05:47Z" finished-at="2015-09-24T02:05:49Z">
          <params>
            <param index="0">
              <value>
                <![CDATA[234dotusfdg@gmail.com]]>
              </value>
            </param>
            <param index="1">
              <value>
                <![CDATA[password123]]>
              </value>
            </param>
            <param index="2">
              <value>
                <![CDATA[Invalid login or password]]>
              </value>
            </param>
          </params>
        </test-method>
        <test-method status="PASS" signature="executePostCondition()" name="executePostCondition" is-config="true" duration-ms="75" started-at="2015-09-24T02:05:49Z" finished-at="2015-09-24T02:05:49Z">
        </test-method>
        <test-method status="PASS" signature="setUp()" name="setUp" is-config="true" duration-ms="8061" started-at="2015-09-24T02:05:49Z" finished-at="2015-09-24T02:05:57Z">
        </test-method>
        <test-method status="PASS" signature="loginTest(java.lang.String, java.lang.String, java.lang.String)" name="loginTest" duration-ms="1348" started-at="2015-09-24T02:05:57Z" finished-at="2015-09-24T02:05:58Z">
          <params>
            <param index="0">
              <value>
                <![CDATA[234dotusfdg@gmail.com]]>
              </value>
            </param>
            <param index="1">
              <value>
                <![CDATA[password123]]>
              </value>
            </param>
            <param index="2">
              <value>
                <![CDATA[Invalid login or password]]>
              </value>
            </param>
          </params>
        </test-method>
        <test-method status="PASS" signature="executePostCondition()" name="executePostCondition" is-config="true" duration-ms="69" started-at="2015-09-24T02:05:58Z" finished-at="2015-09-24T02:05:58Z">
        </test-method>
        <test-method status="PASS" signature="setUp()" name="setUp" is-config="true" duration-ms="6994" started-at="2015-09-24T02:05:58Z" finished-at="2015-09-24T02:06:05Z">
        </test-method>
        <test-method status="PASS" signature="loginTest(java.lang.String, java.lang.String, java.lang.String)" name="loginTest" duration-ms="1353" started-at="2015-09-24T02:06:05Z" finished-at="2015-09-24T02:06:07Z">
          <params>
            <param index="0">
              <value>
                <![CDATA[234dotusfdg@gmail.com]]>
              </value>
            </param>
            <param index="1">
              <value>
                <![CDATA[password123]]>
              </value>
            </param>
            <param index="2">
              <value>
                <![CDATA[Invalid login or password]]>
              </value>
            </param>
          </params>
        </test-method>
        <test-method status="PASS" signature="executePostCondition()" name="executePostCondition" is-config="true" duration-ms="65" started-at="2015-09-24T02:06:07Z" finished-at="2015-09-24T02:06:07Z">
        </test-method>
      </class>
    </test>
  </suite>
</testng-results>
